Vivado Simulator 2014.2
Copyright 1986-1999, 2001-2014 Xilinx, Inc. All Rights Reserved.
Running: /opt/Xilinx/Vivado/2014.2/bin/unwrapped/lnx32.o/xelab --debug typical --relax -L xil_defaultlib -L unisims_ver -L unimacro_ver -L secureip --snapshot test_cmp_behav --prj /home/mikel/Desktop/Project 6/Project 6.1/Comparater/Comparater.sim/sim_1/behav/test_cmp.prj xil_defaultlib.test_cmp xil_defaultlib.glbl 
Determining compilation order of HDL files.
INFO: [VRFC 10-165] Analyzing Verilog file "/home/mikel/Desktop/Project 6/Project 6.1/Comparater/Comparater.srcs/sources_1/new/bit_slice_cmp.v" into library xil_defaultlib
INFO: [VRFC 10-311] analyzing module bit_slice_cmp
INFO: [VRFC 10-165] Analyzing Verilog file "/home/mikel/Desktop/Project 6/Project 6.1/Comparater/Comparater.srcs/sources_1/new/cmp.v" into library xil_defaultlib
INFO: [VRFC 10-311] analyzing module cmp
INFO: [VRFC 10-165] Analyzing Verilog file "/home/mikel/Desktop/Project 6/Project 6.1/Comparater/Comparater.srcs/sim_1/new/test_cmp.v" into library xil_defaultlib
INFO: [VRFC 10-311] analyzing module test_cmp
INFO: [VRFC 10-165] Analyzing Verilog file "/opt/Xilinx/Vivado/2014.2/data/verilog/src/glbl.v" into library xil_defaultlib
INFO: [VRFC 10-311] analyzing module glbl
Starting static elaboration
Completed static elaboration
Starting simulation data flow analysis
Completed simulation data flow analysis
Time Resolution for simulation is 1ps
Compiling module xil_defaultlib.bit_slice_cmp
Compiling module xil_defaultlib.cmp
Compiling module xil_defaultlib.test_cmp
Compiling module xil_defaultlib.glbl
Built simulation snapshot test_cmp_behav
