Copyright 1986-2014 Xilinx, Inc. All Rights Reserved.
-----------------------------------------------------------------------------------
| Tool Version : Vivado v.2014.2 (lin32) Build 932637 Wed Jun 11 13:12:44 MDT 2014
| Date         : Thu Nov 13 15:37:43 2014
| Host         : SKYNET running 32-bit Ubuntu 12.04.5 LTS
| Command      : report_control_sets -verbose -file Adder_control_sets_placed.rpt
| Design       : Adder
| Device       : xc7a100t
-----------------------------------------------------------------------------------

Control Set Information

Table of Contents
-----------------
1. Summary
2. Flip-Flop Distribution
3. Detailed Control Set Information

1. Summary
----------

+-------------------------------------------------------------------+-------+
|                               Status                              | Count |
+-------------------------------------------------------------------+-------+
| Number of unique control sets                                     |     0 |
| Minimum Number of register sites lost to control set restrictions |     0 |
+-------------------------------------------------------------------+-------+


2. Flip-Flop Distribution
-------------------------

+--------------+-----------------------+------------------------+-----------------+--------------+
| Clock Enable | Synchronous Set/Reset | Asynchronous Set/Reset | Total Registers | Total Slices |
+--------------+-----------------------+------------------------+-----------------+--------------+
| No           | No                    | No                     |               0 |            0 |
| No           | No                    | Yes                    |               0 |            0 |
| No           | Yes                   | No                     |               0 |            0 |
| Yes          | No                    | No                     |               0 |            0 |
| Yes          | No                    | Yes                    |               0 |            0 |
| Yes          | Yes                   | No                     |               0 |            0 |
+--------------+-----------------------+------------------------+-----------------+--------------+


3. Detailed Control Set Information
-----------------------------------

+--------------+---------------+------------------+------------------+----------------+
| Clock Signal | Enable Signal | Set/Reset Signal | Slice Load Count | Bel Load Count |
+--------------+---------------+------------------+------------------+----------------+


