Copyright 1986-2014 Xilinx, Inc. All Rights Reserved.
-----------------------------------------------------------------------------------
| Tool Version : Vivado v.2014.2 (lin32) Build 932637 Wed Jun 11 13:12:44 MDT 2014
| Date         : Sat Dec 13 02:09:59 2014
| Host         : SKYNET running 32-bit Ubuntu 12.04.5 LTS
| Command      : report_clock_utilization -file SW_clock_utilization_placed.rpt
| Design       : SW
| Device       : xc7a100t
-----------------------------------------------------------------------------------

Clock Utilization Report

Table of Contents
-----------------
1. Clock Primitive Utilization
2. Details of Global Clocks
3. Details of Regional Clocks
4. Details of Multi-Regional Clocks
5. Details of I/O Clocks
6. Details of Local Clocks
7. Clock Regions : Key Resource Utilization
8. Net wise resources used in clock region X1Y1

1. Clock Primitive Utilization
------------------------------

+-------+------+-----------+-----------+
| Type  | Used | Available | Num Fixed |
+-------+------+-----------+-----------+
| BUFG  |    1 |        32 |         0 |
| BUFH  |    0 |        96 |         0 |
| BUFIO |    0 |        24 |         0 |
| MMCM  |    0 |         6 |         0 |
| PLL   |    0 |         6 |         0 |
| BUFR  |    0 |        24 |         0 |
| BUFMR |    0 |        12 |         0 |
+-------+------+-----------+-----------+


2. Details of Global Clocks
---------------------------

+-------+--------------------+---------------+--------------+-------+---------------+-----------+
|       |                    |               |   Num Loads  |       |               |           |
+-------+--------------------+---------------+------+-------+-------+---------------+-----------+
| Index | BUFG Cell          | Net Name      | BELs | Sites | Fixed | MaxDelay (ns) | Skew (ns) |
+-------+--------------------+---------------+------+-------+-------+---------------+-----------+
|     1 | clk_IBUF_BUFG_inst | clk_IBUF_BUFG |   17 |     5 |    no |         1.868 |     0.153 |
+-------+--------------------+---------------+------+-------+-------+---------------+-----------+


3. Details of Regional Clocks
-----------------------------

4. Details of Multi-Regional Clocks
-----------------------------------

5. Details of I/O Clocks
------------------------

6. Details of Local Clocks
--------------------------

+-------+---------------------------+-------------------------------+--------------+-------+---------------+-----------+
|       |                           |                               |   Num Loads  |       |               |           |
+-------+---------------------------+-------------------------------+------+-------+-------+---------------+-----------+
| Index | Local Clk Src             | Net Name                      | BELs | Sites | Fixed | MaxDelay (ns) | Skew (ns) |
+-------+---------------------------+-------------------------------+------+-------+-------+---------------+-----------+
|     1 | nState_reg[1]_i_2         | n_0_nState_reg[1]_i_2         |    2 |     1 |    no |         0.959 |     0.070 |
|     2 | kitty_poop2/test2[1]_i_2  | kitty_poop2/CLK               |    6 |     1 |    no |         0.647 |     0.050 |
|     3 | kitty_poop1/second[3]_i_3 | kitty_poop1/n_0_second[3]_i_3 |   16 |     4 |    no |         0.892 |     0.159 |
+-------+---------------------------+-------------------------------+------+-------+-------+---------------+-----------+


7. Clock Regions : Key Resource Utilization
-------------------------------------------

+-------------------+--------------+--------------+--------------+--------------+--------------+--------------+--------------+--------------+--------------+--------------+--------------+--------------+--------------+--------------+--------------+
|                   | Global Clock |     BUFRs    |    BUFMRs    |    BUFIOs    |     MMCM     |      PLL     |      GT      |      PCI     |    ILOGIC    |    OLOGIC    |      FF      |     LUTM     |    RAMB18    |    RAMB36    |    DSP48E1   |
+-------------------+------+-------+------+-------+------+-------+------+-------+------+-------+------+-------+------+-------+------+-------+------+-------+------+-------+------+-------+------+-------+------+-------+------+-------+------+-------+
| Clock Region Name | Used | Avail | Used | Avail | Used | Avail | Used | Avail | Used | Avail | Used | Avail | Used | Avail | Used | Avail | Used | Avail | Used | Avail | Used | Avail | Used | Avail | Used | Avail | Used | Avail | Used | Avail |
+-------------------+------+-------+------+-------+------+-------+------+-------+------+-------+------+-------+------+-------+------+-------+------+-------+------+-------+------+-------+------+-------+------+-------+------+-------+------+-------+
| X0Y0              |    0 |    12 |    0 |     4 |    0 |     2 |    0 |     4 |    0 |     1 |    0 |     1 |    0 |     0 |    0 |     0 |    0 |    50 |    0 |    50 |    0 | 20800 |    0 |  2400 |    0 |    20 |    0 |    10 |    0 |    20 |
| X1Y0              |    0 |    12 |    0 |     0 |    0 |     0 |    0 |     0 |    0 |     0 |    0 |     0 |    0 |     5 |    0 |     0 |    0 |     0 |    0 |     0 |    0 | 12000 |    0 |  2200 |    0 |    40 |    0 |    20 |    0 |    40 |
| X0Y1              |    0 |    12 |    0 |     4 |    0 |     2 |    0 |     4 |    0 |     1 |    0 |     1 |    0 |     0 |    0 |     0 |    0 |    50 |    0 |    50 |    0 | 16000 |    0 |  2400 |    0 |    20 |    0 |    10 |    0 |    20 |
| X1Y1              |    1 |    12 |    0 |     4 |    0 |     2 |    0 |     4 |    0 |     1 |    0 |     1 |    0 |     0 |    0 |     0 |    0 |    50 |    0 |    50 |   41 | 15200 |    0 |  2600 |    0 |    60 |    0 |    30 |    0 |    40 |
| X0Y2              |    0 |    12 |    0 |     4 |    0 |     2 |    0 |     4 |    0 |     1 |    0 |     1 |    0 |     0 |    0 |     0 |    0 |    50 |    0 |    50 |    0 | 16000 |    0 |  2400 |    0 |    20 |    0 |    10 |    0 |    20 |
| X1Y2              |    0 |    12 |    0 |     4 |    0 |     2 |    0 |     4 |    0 |     1 |    0 |     1 |    0 |     0 |    0 |     0 |    0 |    50 |    0 |    50 |    0 | 15200 |    0 |  2600 |    0 |    60 |    0 |    30 |    0 |    40 |
| X0Y3              |    0 |    12 |    0 |     4 |    0 |     2 |    0 |     4 |    0 |     1 |    0 |     1 |    0 |     0 |    0 |     0 |    0 |    50 |    0 |    50 |    0 | 20800 |    0 |  2400 |    0 |    20 |    0 |    10 |    0 |    20 |
| X1Y3              |    0 |    12 |    0 |     0 |    0 |     0 |    0 |     0 |    0 |     0 |    0 |     0 |    0 |     5 |    0 |     1 |    0 |     0 |    0 |     0 |    0 | 10800 |    0 |  2000 |    0 |    30 |    0 |    15 |    0 |    40 |
+-------------------+------+-------+------+-------+------+-------+------+-------+------+-------+------+-------+------+-------+------+-------+------+-------+------+-------+------+-------+------+-------+------+-------+------+-------+------+-------+
* RAMB36 site can be used as two RAMB18/FIFO18 sites


8. Net wise resources used in clock region X1Y1
-----------------------------------------------

+-------------+-------------+-------+-----------+----------+---------+-----------+---------+---------+-----+-------+----------+----------------+
| Source Type | BUFHCE Site | Fixed | MMCM Pins | PLL Pins | GT Pins | BRAM Pins | ILOGICs | OLOGICs | FFs | LUTMs | DSP48E1s | Clock Net Name |
+-------------+-------------+-------+-----------+----------+---------+-----------+---------+---------+-----+-------+----------+----------------+
| BUFG        |     ---     |   no  |         0 |        0 |       0 |         0 |       0 |       0 |  17 |     0 |        0 | clk_IBUF_BUFG  |
+-------------+-------------+-------+-----------+----------+---------+-----------+---------+---------+-----+-------+----------+----------------+



# Location of BUFG Primitives 
set_property LOC BUFGCTRL_X0Y16 [get_cells clk_IBUF_BUFG_inst]

# Location of IO Clock Primitives

# Location of MMCM Clock Primitives

# Location of BUFH Clock Primitives

# Location of BUFR Clock Primitives

# Location of BUFMR Clock Primitives

# Location of PLL Clock Primitives

# Location of IO Primitives which is load of clock spine

# Location of clock ports
set_property LOC IOB_X1Y126 [get_ports clk]

# Clock net "clk_IBUF_BUFG" driven by instance "clk_IBUF_BUFG_inst" located at site "BUFGCTRL_X0Y16"
#startgroup
create_pblock CLKAG_clk_IBUF_BUFG
add_cells_to_pblock [get_pblocks  CLKAG_clk_IBUF_BUFG] [get_cells  -filter { IS_PRIMITIVE==1 && PRIMITIVE_LEVEL !=INTERNAL } -of_object [get_pins -filter {DIRECTION==IN} -of_objects [get_nets -hierarchical -filter {PARENT=="clk_IBUF_BUFG"}]]]
resize_pblock [get_pblocks CLKAG_clk_IBUF_BUFG] -add {CLOCKREGION_X1Y1:CLOCKREGION_X1Y1}
#endgroup

# Clock net "kitty_poop1/n_0_second[3]_i_3" driven by instance "kitty_poop1/second[3]_i_3" located at site "SLICE_X79Y74"
#startgroup
create_pblock CLKAG_kitty_poop1/n_0_second[3]_i_3
add_cells_to_pblock [get_pblocks  CLKAG_kitty_poop1/n_0_second[3]_i_3] [get_cells  -filter { IS_PRIMITIVE==1 && PRIMITIVE_LEVEL !=INTERNAL } -of_object [get_pins -filter {DIRECTION==IN} -of_objects [get_nets -hierarchical -filter {PARENT=="kitty_poop1/n_0_second[3]_i_3"}]]]
resize_pblock [get_pblocks CLKAG_kitty_poop1/n_0_second[3]_i_3] -add {CLOCKREGION_X1Y1:CLOCKREGION_X1Y1}
#endgroup

# Clock net "kitty_poop2/CLK" driven by instance "kitty_poop2/test2[1]_i_2" located at site "SLICE_X79Y72"
#startgroup
create_pblock CLKAG_kitty_poop2/CLK
add_cells_to_pblock [get_pblocks  CLKAG_kitty_poop2/CLK] [get_cells  -filter { IS_PRIMITIVE==1 && PRIMITIVE_LEVEL !=INTERNAL } -of_object [get_pins -filter {DIRECTION==IN} -of_objects [get_nets -hierarchical -filter {PARENT=="kitty_poop2/CLK"}]]]
resize_pblock [get_pblocks CLKAG_kitty_poop2/CLK] -add {CLOCKREGION_X1Y1:CLOCKREGION_X1Y1}
#endgroup

# Clock net "n_0_nState_reg[1]_i_2" driven by instance "nState_reg[1]_i_2" located at site "SLICE_X78Y74"
#startgroup
create_pblock CLKAG_n_0_nState_reg[1]_i_2
add_cells_to_pblock [get_pblocks  CLKAG_n_0_nState_reg[1]_i_2] [get_cells  -filter { IS_PRIMITIVE==1 && PRIMITIVE_LEVEL !=INTERNAL } -of_object [get_pins -filter {DIRECTION==IN} -of_objects [get_nets -hierarchical -filter {PARENT=="n_0_nState_reg[1]_i_2"}]]]
resize_pblock [get_pblocks CLKAG_n_0_nState_reg[1]_i_2] -add {CLOCKREGION_X1Y1:CLOCKREGION_X1Y1}
#endgroup
