Vivado Simulator 2014.2
Copyright 1986-1999, 2001-2014 Xilinx, Inc. All Rights Reserved.
Running: /opt/Xilinx/Vivado/2014.2/bin/unwrapped/lnx32.o/xelab --debug typical --relax -L xil_defaultlib -L unisims_ver -L unimacro_ver -L secureip --snapshot test_Mult_behav --prj /home/mikel/Desktop/Project 6/Project 6.1/Multiplyer/Multiplyer.sim/sim_1/behav/test_Mult.prj xil_defaultlib.test_Mult xil_defaultlib.glbl 
Determining compilation order of HDL files.
INFO: [VRFC 10-165] Analyzing Verilog file "/home/mikel/Desktop/Project 6/Project 6.1/Multiplyer/Multiplyer.srcs/sources_1/new/Half_adder.v" into library xil_defaultlib
INFO: [VRFC 10-311] analyzing module Half_adder
INFO: [VRFC 10-165] Analyzing Verilog file "/home/mikel/Desktop/Project 6/Project 6.1/Multiplyer/Multiplyer.srcs/sources_1/new/Full_adder.v" into library xil_defaultlib
INFO: [VRFC 10-311] analyzing module Full_adder
INFO: [VRFC 10-165] Analyzing Verilog file "/home/mikel/Desktop/Project 6/Project 6.1/Multiplyer/Multiplyer.srcs/sources_1/new/Part_prod_gen.v" into library xil_defaultlib
INFO: [VRFC 10-311] analyzing module Part_prod_gen
INFO: [VRFC 10-165] Analyzing Verilog file "/home/mikel/Desktop/Project 6/Project 6.1/Multiplyer/Multiplyer.srcs/sources_1/new/Adder.v" into library xil_defaultlib
INFO: [VRFC 10-311] analyzing module Adder
INFO: [VRFC 10-165] Analyzing Verilog file "/home/mikel/Desktop/Project 6/Project 6.1/Multiplyer/Multiplyer.srcs/sources_1/new/Multiplier.v" into library xil_defaultlib
INFO: [VRFC 10-311] analyzing module Multiplier
INFO: [VRFC 10-165] Analyzing Verilog file "/home/mikel/Desktop/Project 6/Project 6.1/Multiplyer/Multiplyer.srcs/sim_1/new/test_Mult.v" into library xil_defaultlib
INFO: [VRFC 10-311] analyzing module test_Mult
INFO: [VRFC 10-165] Analyzing Verilog file "/opt/Xilinx/Vivado/2014.2/data/verilog/src/glbl.v" into library xil_defaultlib
INFO: [VRFC 10-311] analyzing module glbl
Starting static elaboration
Completed static elaboration
Starting simulation data flow analysis
Completed simulation data flow analysis
Time Resolution for simulation is 1ps
Compiling module xil_defaultlib.Part_prod_gen
Compiling module xil_defaultlib.Half_adder
Compiling module xil_defaultlib.Full_adder
Compiling module xil_defaultlib.Adder
Compiling module xil_defaultlib.Multiplier
Compiling module xil_defaultlib.test_Mult
Compiling module xil_defaultlib.glbl
Built simulation snapshot test_Mult_behav
