
*** Running vivado
    with args -log Wrapper.vdi -applog -m32 -messageDb vivado.pb -mode batch -source Wrapper.tcl -notrace


****** Vivado v2014.2
  **** SW Build 932637 on Wed Jun 11 13:12:44 MDT 2014
  **** IP Build 924643 on Fri May 30 09:20:16 MDT 2014
    ** Copyright 1986-2014 Xilinx, Inc. All Rights Reserved.

source Wrapper.tcl -notrace
CRITICAL WARNING: [Board 49-4] Problem parsing board_part file - /opt/Xilinx/Vivado/2014.2/data/boards/board_parts/zynq/zc706/1.0/board_part.xml, The board part 'xc7z045ffg900-2' is either not supported or invalid.
CRITICAL WARNING: [Board 49-4] Problem parsing board_part file - /opt/Xilinx/Vivado/2014.2/data/boards/board_parts/zynq/zc706/0.9/board_part.xml, The board part 'xc7z045ffg900-2' is either not supported or invalid.
CRITICAL WARNING: [Board 49-4] Problem parsing board_part file - /opt/Xilinx/Vivado/2014.2/data/boards/board_parts/kintex7/kc705/1.0/board_part.xml, The board part 'xc7k325tffg900-2' is either not supported or invalid.
CRITICAL WARNING: [Board 49-4] Problem parsing board_part file - /opt/Xilinx/Vivado/2014.2/data/boards/board_parts/kintex7/kc705/0.9/board_part.xml, The board part 'xc7k325tffg900-2' is either not supported or invalid.
Design is defaulting to srcset: sources_1
Design is defaulting to constrset: constrs_1
INFO: [Netlist 29-17] Analyzing 21 Unisim elements for replacement
INFO: [Netlist 29-28] Unisim Transformation completed in 0 CPU seconds
INFO: [Project 1-479] Netlist was created with Vivado 2014.2
Loading clock regions from /opt/Xilinx/Vivado/2014.2/data/parts/xilinx/artix7/artix7/xc7a100t/ClockRegion.xml
Loading clock buffers from /opt/Xilinx/Vivado/2014.2/data/parts/xilinx/artix7/artix7/xc7a100t/ClockBuffers.xml
Loading clock placement rules from /opt/Xilinx/Vivado/2014.2/data/parts/xilinx/artix7/ClockPlacerRules.xml
Loading package pin functions from /opt/Xilinx/Vivado/2014.2/data/parts/xilinx/artix7/PinFunctions.xml...
Loading package from /opt/Xilinx/Vivado/2014.2/data/parts/xilinx/artix7/artix7/xc7a100t/csg324/Package.xml
Loading io standards from /opt/Xilinx/Vivado/2014.2/data/./parts/xilinx/artix7/IOStandards.xml
Loading device configuration modes from /opt/Xilinx/Vivado/2014.2/data/parts/xilinx/artix7/ConfigModes.xml
INFO: [Opt 31-140] Inserted 0 IBUFs to IO ports without IO buffers.
INFO: [Opt 31-141] Inserted 0 OBUFs to IO ports without IO buffers.
Parsing XDC File [/home/mikel/Desktop/Project 6/Project 6.2/Count_clk_div/Count_clk_div.srcs/constrs_1/imports/Desktop/Nexys4_Master.xdc]
Finished Parsing XDC File [/home/mikel/Desktop/Project 6/Project 6.2/Count_clk_div/Count_clk_div.srcs/constrs_1/imports/Desktop/Nexys4_Master.xdc]
INFO: [Opt 31-138] Pushed 0 inverter(s) to 0 load pin(s).
INFO: [Project 1-111] Unisim Transformation Summary:
No Unisim elements were transformed.

link_design: Time (s): cpu = 00:00:08 ; elapsed = 00:00:08 . Memory (MB): peak = 632.762 ; gain = 149.996
Command: opt_design
Attempting to get a license for feature 'Implementation' and/or device 'xc7a100t'
INFO: [Common 17-349] Got license for feature 'Implementation' and/or device 'xc7a100t'
Running DRC as a precondition to command opt_design

Starting DRC Task
INFO: [Drc 23-27] Running DRC with 2 threads
INFO: [Project 1-461] DRC finished with 0 Errors
INFO: [Project 1-462] Please refer to the DRC report (report_drc) for more information.

Time (s): cpu = 00:00:00.14 ; elapsed = 00:00:00.15 . Memory (MB): peak = 634.766 ; gain = 2.000
INFO: [Timing 38-35] Done setting XDC timing constraints.

Starting Logic Optimization Task

Phase 1 Retarget

INFO: [Opt 31-138] Pushed 0 inverter(s) to 0 load pin(s).
INFO: [Opt 31-49] Retargeted 0 cell(s).
Phase 1 Retarget | Checksum: 25012f092

Time (s): cpu = 00:00:00.02 ; elapsed = 00:00:00.01 . Memory (MB): peak = 879.344 ; gain = 0.000

Phase 2 Constant Propagation
INFO: [Opt 31-138] Pushed 0 inverter(s) to 0 load pin(s).
INFO: [Opt 31-10] Eliminated 70 cells.
Phase 2 Constant Propagation | Checksum: 1de4d3cad

Time (s): cpu = 00:00:00.06 ; elapsed = 00:00:00.06 . Memory (MB): peak = 879.344 ; gain = 0.000

Phase 3 Sweep
INFO: [Opt 31-12] Eliminated 123 unconnected nets.
INFO: [Opt 31-140] Inserted 0 IBUFs to IO ports without IO buffers.
INFO: [Opt 31-141] Inserted 0 OBUFs to IO ports without IO buffers.
INFO: [Opt 31-11] Eliminated 0 unconnected cells.
Phase 3 Sweep | Checksum: 249e4a662

Time (s): cpu = 00:00:00.10 ; elapsed = 00:00:00.10 . Memory (MB): peak = 879.344 ; gain = 0.000
Ending Logic Optimization Task | Checksum: 249e4a662

Time (s): cpu = 00:00:00.11 ; elapsed = 00:00:00.10 . Memory (MB): peak = 879.344 ; gain = 0.000
Implement Debug Cores | Checksum: 25012f092
Logic Optimization | Checksum: 25012f092

Starting Power Optimization Task
INFO: [Pwropt 34-132] Will skip clock gating for clocks with period < 3.12 ns.
Ending Power Optimization Task | Checksum: 249e4a662

Time (s): cpu = 00:00:00.01 ; elapsed = 00:00:00.02 . Memory (MB): peak = 879.344 ; gain = 0.000
INFO: [Common 17-83] Releasing license: Implementation
22 Infos, 0 Warnings, 4 Critical Warnings and 0 Errors encountered.
opt_design completed successfully
opt_design: Time (s): cpu = 00:00:26 ; elapsed = 00:00:27 . Memory (MB): peak = 879.344 ; gain = 246.578
Writing XDEF routing.
Writing XDEF routing logical nets.
Writing XDEF routing special nets.
Write XDEF Complete: Time (s): cpu = 00:00:00.13 ; elapsed = 00:00:00.14 . Memory (MB): peak = 879.344 ; gain = 0.000
Command: place_design
Attempting to get a license for feature 'Implementation' and/or device 'xc7a100t'
INFO: [Common 17-349] Got license for feature 'Implementation' and/or device 'xc7a100t'
Running DRC as a precondition to command place_design
INFO: [Drc 23-27] Running DRC with 2 threads
INFO: [Vivado_Tcl 4-198] DRC finished with 0 Errors
INFO: [Vivado_Tcl 4-199] Please refer to the DRC report (report_drc) for more information.

Starting Placer Task
INFO: [Place 30-611] Multithreading enabled for place_design using a maximum of 2 CPUs

Phase 1 Placer Runtime Estimator
Phase 1 Placer Runtime Estimator | Checksum: 1d006690c

Time (s): cpu = 00:00:00.03 ; elapsed = 00:00:00.02 . Memory (MB): peak = 879.344 ; gain = 0.000

Phase 2 Placer Initialization

Phase 2.1 Placer Initialization Core
Netlist sorting complete. Time (s): cpu = 00:00:00 ; elapsed = 00:00:00 . Memory (MB): peak = 879.344 ; gain = 0.000

Phase 2.1.1 Mandatory Logic Optimization
Netlist sorting complete. Time (s): cpu = 00:00:00 ; elapsed = 00:00:00.01 . Memory (MB): peak = 879.344 ; gain = 0.000
Phase 2.1.1 Mandatory Logic Optimization | Checksum: e46f2dfe

Time (s): cpu = 00:00:00.03 ; elapsed = 00:00:00.03 . Memory (MB): peak = 879.344 ; gain = 0.000

Phase 2.1.2 Build Super Logic Region (SLR) Database
Phase 2.1.2 Build Super Logic Region (SLR) Database | Checksum: e46f2dfe

Time (s): cpu = 00:00:00.05 ; elapsed = 00:00:00.05 . Memory (MB): peak = 879.344 ; gain = 0.000

Phase 2.1.3 Add Constraints
Phase 2.1.3 Add Constraints | Checksum: e46f2dfe

Time (s): cpu = 00:00:00.05 ; elapsed = 00:00:00.05 . Memory (MB): peak = 879.344 ; gain = 0.000

Phase 2.1.4 Build Shapes/ HD Config

Phase 2.1.4.1 Build Macros
Phase 2.1.4.1 Build Macros | Checksum: 1c4c2215a

Time (s): cpu = 00:00:00.12 ; elapsed = 00:00:00.12 . Memory (MB): peak = 887.344 ; gain = 8.000
Phase 2.1.4 Build Shapes/ HD Config | Checksum: 1c4c2215a

Time (s): cpu = 00:00:00.13 ; elapsed = 00:00:00.12 . Memory (MB): peak = 887.344 ; gain = 8.000

Phase 2.1.5 IO Placement/ Clock Placement/ Build Placer Device

Phase 2.1.5.1 Pre-Place Cells
Phase 2.1.5.1 Pre-Place Cells | Checksum: e46f2dfe

Time (s): cpu = 00:00:00.13 ; elapsed = 00:00:00.13 . Memory (MB): peak = 887.348 ; gain = 8.004
WARNING: [Place 30-568] A LUT 'kitty_poop1/Q[7]_i_2' is driving clock pin of 8 registers. This could lead to large hold time violations. First few involved registers are:
	kitty_poop1/Q_reg[4] {FDCE}
	kitty_poop1/Q_reg[5] {FDCE}
	kitty_poop1/Q_reg[6] {FDCE}
	kitty_poop1/Q_reg[7] {FDCE}
	kitty_poop1/Q_reg[2] {FDCE}
INFO: [Timing 38-35] Done setting XDC timing constraints.

Phase 2.1.5.2 IO & Clk Clean Up
Phase 2.1.5.2 IO & Clk Clean Up | Checksum: e46f2dfe

Time (s): cpu = 00:00:00.63 ; elapsed = 00:00:00.67 . Memory (MB): peak = 887.348 ; gain = 8.004

Phase 2.1.5.3 Implementation Feasibility check On IDelay
Phase 2.1.5.3 Implementation Feasibility check On IDelay | Checksum: e46f2dfe

Time (s): cpu = 00:00:00.63 ; elapsed = 00:00:00.68 . Memory (MB): peak = 887.348 ; gain = 8.004

Phase 2.1.5.4 Commit IO Placement
Phase 2.1.5.4 Commit IO Placement | Checksum: 47973c6e

Time (s): cpu = 00:00:00.63 ; elapsed = 00:00:00.68 . Memory (MB): peak = 887.348 ; gain = 8.004
Phase 2.1.5 IO Placement/ Clock Placement/ Build Placer Device | Checksum: 127ea2fca

Time (s): cpu = 00:00:00.63 ; elapsed = 00:00:00.68 . Memory (MB): peak = 887.348 ; gain = 8.004

Phase 2.1.6 Build Placer Netlist Model

Phase 2.1.6.1 Place Init Design
Phase 2.1.6.1 Place Init Design | Checksum: 12af8d627

Time (s): cpu = 00:00:00.67 ; elapsed = 00:00:00.72 . Memory (MB): peak = 887.348 ; gain = 8.004
Phase 2.1.6 Build Placer Netlist Model | Checksum: 12af8d627

Time (s): cpu = 00:00:00.67 ; elapsed = 00:00:00.72 . Memory (MB): peak = 887.348 ; gain = 8.004

Phase 2.1.7 Constrain Clocks/Macros

Phase 2.1.7.1 Constrain Global/Regional Clocks
Phase 2.1.7.1 Constrain Global/Regional Clocks | Checksum: 12af8d627

Time (s): cpu = 00:00:00.68 ; elapsed = 00:00:00.72 . Memory (MB): peak = 887.348 ; gain = 8.004
Phase 2.1.7 Constrain Clocks/Macros | Checksum: 12af8d627

Time (s): cpu = 00:00:00.68 ; elapsed = 00:00:00.72 . Memory (MB): peak = 887.348 ; gain = 8.004
Phase 2.1 Placer Initialization Core | Checksum: 12af8d627

Time (s): cpu = 00:00:00.68 ; elapsed = 00:00:00.73 . Memory (MB): peak = 887.348 ; gain = 8.004
Phase 2 Placer Initialization | Checksum: 12af8d627

Time (s): cpu = 00:00:00.68 ; elapsed = 00:00:00.73 . Memory (MB): peak = 887.348 ; gain = 8.004

Phase 3 Global Placement
Phase 3 Global Placement | Checksum: 219f7dcb3

Time (s): cpu = 00:00:01 ; elapsed = 00:00:01 . Memory (MB): peak = 887.348 ; gain = 8.004

Phase 4 Detail Placement

Phase 4.1 Commit Multi Column Macros
Phase 4.1 Commit Multi Column Macros | Checksum: 219f7dcb3

Time (s): cpu = 00:00:01 ; elapsed = 00:00:01 . Memory (MB): peak = 887.348 ; gain = 8.004

Phase 4.2 Commit Most Macros & LUTRAMs
Phase 4.2 Commit Most Macros & LUTRAMs | Checksum: 26faea57e

Time (s): cpu = 00:00:01 ; elapsed = 00:00:01 . Memory (MB): peak = 887.348 ; gain = 8.004

Phase 4.3 Area Swap Optimization
Phase 4.3 Area Swap Optimization | Checksum: 27ee23a9d

Time (s): cpu = 00:00:01 ; elapsed = 00:00:01 . Memory (MB): peak = 887.348 ; gain = 8.004

Phase 4.4 Commit Small Macros & Core Logic
Phase 4.4 Commit Small Macros & Core Logic | Checksum: 198c891de

Time (s): cpu = 00:00:02 ; elapsed = 00:00:02 . Memory (MB): peak = 895.348 ; gain = 16.004

Phase 4.5 Re-assign LUT pins
Phase 4.5 Re-assign LUT pins | Checksum: 198c891de

Time (s): cpu = 00:00:02 ; elapsed = 00:00:02 . Memory (MB): peak = 895.348 ; gain = 16.004
Phase 4 Detail Placement | Checksum: 198c891de

Time (s): cpu = 00:00:02 ; elapsed = 00:00:02 . Memory (MB): peak = 895.348 ; gain = 16.004

Phase 5 Post Placement Optimization and Clean-Up

Phase 5.1 PCOPT Shape updates
Phase 5.1 PCOPT Shape updates | Checksum: 198c891de

Time (s): cpu = 00:00:02 ; elapsed = 00:00:02 . Memory (MB): peak = 895.348 ; gain = 16.004

Phase 5.2 Post Placement Cleanup
Phase 5.2 Post Placement Cleanup | Checksum: 198c891de

Time (s): cpu = 00:00:02 ; elapsed = 00:00:02 . Memory (MB): peak = 895.348 ; gain = 16.004

Phase 5.3 Placer Reporting
Phase 5.3 Placer Reporting | Checksum: 198c891de

Time (s): cpu = 00:00:02 ; elapsed = 00:00:02 . Memory (MB): peak = 895.348 ; gain = 16.004

Phase 5.4 Final Placement Cleanup
Phase 5.4 Final Placement Cleanup | Checksum: 14722c194

Time (s): cpu = 00:00:02 ; elapsed = 00:00:02 . Memory (MB): peak = 895.348 ; gain = 16.004
Phase 5 Post Placement Optimization and Clean-Up | Checksum: 14722c194

Time (s): cpu = 00:00:02 ; elapsed = 00:00:02 . Memory (MB): peak = 895.348 ; gain = 16.004
Ending Placer Task | Checksum: 94197165

Time (s): cpu = 00:00:02 ; elapsed = 00:00:02 . Memory (MB): peak = 895.348 ; gain = 16.004
INFO: [Common 17-83] Releasing license: Implementation
29 Infos, 1 Warnings, 4 Critical Warnings and 0 Errors encountered.
place_design completed successfully
Writing XDEF routing.
Writing XDEF routing logical nets.
Writing XDEF routing special nets.
Write XDEF Complete: Time (s): cpu = 00:00:00.11 ; elapsed = 00:00:00.13 . Memory (MB): peak = 895.352 ; gain = 0.000
report_utilization: Time (s): cpu = 00:00:00.17 ; elapsed = 00:00:00.20 . Memory (MB): peak = 896.348 ; gain = 0.000
Command: route_design
Attempting to get a license for feature 'Implementation' and/or device 'xc7a100t'
INFO: [Common 17-349] Got license for feature 'Implementation' and/or device 'xc7a100t'
Running DRC as a precondition to command route_design
INFO: [Drc 23-27] Running DRC with 2 threads
INFO: [Vivado_Tcl 4-198] DRC finished with 0 Errors
INFO: [Vivado_Tcl 4-199] Please refer to the DRC report (report_drc) for more information.


Starting Routing Task
INFO: [Route 35-254] Multithreading enabled for route_design using a maximum of 2 CPUs

Starting Route Task

Phase 1 Build RT Design
Phase 1 Build RT Design | Checksum: df9082cd

Time (s): cpu = 00:00:51 ; elapsed = 00:00:45 . Memory (MB): peak = 1020.348 ; gain = 112.996

Phase 2 Router Initialization
INFO: [Route 35-64] No timing constraints were detected. The router will operate in resource-optimization mode.
 Number of Nodes with overlaps = 0
Phase 2 Router Initialization | Checksum: 8cb7cbf0

Time (s): cpu = 00:00:52 ; elapsed = 00:00:45 . Memory (MB): peak = 1037.348 ; gain = 129.996

Phase 3 Initial Routing
Phase 3 Initial Routing | Checksum: 18df2e79f

Time (s): cpu = 00:00:52 ; elapsed = 00:00:45 . Memory (MB): peak = 1037.348 ; gain = 129.996

Phase 4 Rip-up And Reroute

Phase 4.1 Global Iteration 0
 Number of Nodes with overlaps = 3
 Number of Nodes with overlaps = 0
Phase 4.1 Global Iteration 0 | Checksum: b277dd34

Time (s): cpu = 00:00:52 ; elapsed = 00:00:45 . Memory (MB): peak = 1037.348 ; gain = 129.996
Phase 4 Rip-up And Reroute | Checksum: b277dd34

Time (s): cpu = 00:00:52 ; elapsed = 00:00:45 . Memory (MB): peak = 1037.348 ; gain = 129.996

Phase 5 Post Hold Fix
Phase 5 Post Hold Fix | Checksum: b277dd34

Time (s): cpu = 00:00:52 ; elapsed = 00:00:45 . Memory (MB): peak = 1037.348 ; gain = 129.996

Phase 6 Route finalize

Router Utilization Summary
  Global Vertical Routing Utilization    = 0.019019 %
  Global Horizontal Routing Utilization  = 0.0196078 %
  Routable Net Status*
  *Does not include unroutable nets such as driverless and loadless.
  Run report_route_status for detailed report.
  Number of Failed Nets               = 0
  Number of Unrouted Nets             = 0
  Number of Partially Routed Nets     = 0
  Number of Node Overlaps             = 0

Congestion Report
North Dir 1x1 Area, Max Cong = 19.8198%, No Congested Regions.
South Dir 1x1 Area, Max Cong = 10.8108%, No Congested Regions.
East Dir 1x1 Area, Max Cong = 25%, No Congested Regions.
West Dir 1x1 Area, Max Cong = 8.82353%, No Congested Regions.
Phase 6 Route finalize | Checksum: b277dd34

Time (s): cpu = 00:00:52 ; elapsed = 00:00:45 . Memory (MB): peak = 1037.348 ; gain = 129.996

Phase 7 Verifying routed nets

 Verification completed successfully
Phase 7 Verifying routed nets | Checksum: b277dd34

Time (s): cpu = 00:00:52 ; elapsed = 00:00:45 . Memory (MB): peak = 1037.348 ; gain = 129.996

Phase 8 Depositing Routes
Phase 8 Depositing Routes | Checksum: 1734b4789

Time (s): cpu = 00:00:52 ; elapsed = 00:00:45 . Memory (MB): peak = 1037.348 ; gain = 129.996
INFO: [Route 35-16] Router Completed Successfully
Ending Route Task | Checksum: 1734b4789

Time (s): cpu = 00:00:52 ; elapsed = 00:00:45 . Memory (MB): peak = 1037.348 ; gain = 129.996

Routing Is Done.

Time (s): cpu = 00:00:52 ; elapsed = 00:00:46 . Memory (MB): peak = 1037.352 ; gain = 130.000
INFO: [Common 17-83] Releasing license: Implementation
37 Infos, 1 Warnings, 4 Critical Warnings and 0 Errors encountered.
route_design completed successfully
route_design: Time (s): cpu = 00:00:53 ; elapsed = 00:00:46 . Memory (MB): peak = 1037.352 ; gain = 141.004
Writing XDEF routing.
Writing XDEF routing logical nets.
Writing XDEF routing special nets.
Write XDEF Complete: Time (s): cpu = 00:00:00.13 ; elapsed = 00:00:00.13 . Memory (MB): peak = 1037.352 ; gain = 0.000
INFO: [Drc 23-27] Running DRC with 2 threads
INFO: [Coretcl 2-168] The results of DRC are in file /home/mikel/Desktop/Project 6/Project 6.2/Count_clk_div/Count_clk_div.runs/impl_1/Wrapper_drc_routed.rpt.
INFO: [Timing 38-91] UpdateTimingParams: Speed grade: -1, Delay Type: min_max, Constraints type: SDC.
INFO: [Timing 38-191] Multithreading enabled for timing update using a maximum of 2 CPUs
WARNING: [Power 33-232] No user defined clocks was found in the design!
Resolution: Please specify clocks using create_clock/create_generated_clock for sequential elements. For pure combinatorial circuits, please specify a virtual clock, otherwise the vectorless estimation might be inaccurate
Running Vector-less Activity Propagation...

Finished Running Vector-less Activity Propagation
Attempting to get a license for feature 'Implementation' and/or device 'xc7a100t'
INFO: [Common 17-349] Got license for feature 'Implementation' and/or device 'xc7a100t'
Running DRC as a precondition to command write_bitstream
INFO: [Drc 23-27] Running DRC with 2 threads
INFO: [Vivado 12-3199] DRC finished with 0 Errors, 3 Warnings
INFO: [Vivado 12-3200] Please refer to the DRC report (report_drc) for more information.
Loading data files...
Loading site data...
Loading route data...
Processing options...
Creating bitmap...
Creating bitstream...
Writing bitstream ./Wrapper.bit...
INFO: [Vivado 12-1842] Bitgen Completed Successfully.
INFO: [Project 1-120] WebTalk data collection is mandatory for users of free Webpack licenses. To see the specific WebTalk data collected for your design, open the usage_statistics_webtalk.html or usage_statistics_webtalk.xml file in the implementation directory.
CRITICAL WARNING: [Common 17-570] Unable to write the webtalk settings file.  Please check that the appropriate environment variable (APPDATA or HOME) is properly set.
CRITICAL WARNING: [Common 17-570] Unable to write the webtalk settings file.  Please check that the appropriate environment variable (APPDATA or HOME) is properly set.
sh: 1: Syntax error: Bad fd number
sh: 1: Syntax error: Bad fd number
INFO: [Common 17-185] WebTalk report has not been sent to Xilinx. Please check your network and proxy settings.
INFO: [Common 17-83] Releasing license: Implementation
write_bitstream: Time (s): cpu = 00:00:39 ; elapsed = 00:00:38 . Memory (MB): peak = 1233.723 ; gain = 184.359
INFO: [Common 17-206] Exiting Vivado at Wed Dec  3 11:34:45 2014...
