
*** Running vivado
    with args -log Adder.vds -m32 -mode batch -messageDb vivado.pb -source Adder.tcl


****** Vivado v2014.2
  **** SW Build 932637 on Wed Jun 11 13:12:44 MDT 2014
  **** IP Build 924643 on Fri May 30 09:20:16 MDT 2014
    ** Copyright 1986-2014 Xilinx, Inc. All Rights Reserved.

source Adder.tcl
# set_param gui.test TreeTableDev
# set_msg_config -id {HDL 9-1061} -limit 100000
# set_msg_config -id {HDL 9-1654} -limit 100000
# create_project -in_memory -part xc7a100tcsg324-1
CRITICAL WARNING: [Board 49-4] Problem parsing board_part file - /opt/Xilinx/Vivado/2014.2/data/boards/board_parts/zynq/zc706/1.0/board_part.xml, The board part 'xc7z045ffg900-2' is either not supported or invalid.
CRITICAL WARNING: [Board 49-4] Problem parsing board_part file - /opt/Xilinx/Vivado/2014.2/data/boards/board_parts/zynq/zc706/0.9/board_part.xml, The board part 'xc7z045ffg900-2' is either not supported or invalid.
CRITICAL WARNING: [Board 49-4] Problem parsing board_part file - /opt/Xilinx/Vivado/2014.2/data/boards/board_parts/kintex7/kc705/1.0/board_part.xml, The board part 'xc7k325tffg900-2' is either not supported or invalid.
CRITICAL WARNING: [Board 49-4] Problem parsing board_part file - /opt/Xilinx/Vivado/2014.2/data/boards/board_parts/kintex7/kc705/0.9/board_part.xml, The board part 'xc7k325tffg900-2' is either not supported or invalid.
# set_property target_language Verilog [current_project]
# set_param project.compositeFile.enableAutoGeneration 0
# set_property default_lib xil_defaultlib [current_project]
# read_verilog -library xil_defaultlib {
#   {/home/mikel/Desktop/Project 6/Project 6.1/Binary_Adder/Binary_Adder.srcs/sources_1/new/Half_Adder.v}
#   {/home/mikel/Desktop/Project 6/Project 6.1/Binary_Adder/Binary_Adder.srcs/sources_1/new/Full_adder.v}
#   {/home/mikel/Desktop/Project 6/Project 6.1/Binary_Adder/Binary_Adder.srcs/sources_1/new/Adder.v}
# }
WARNING: [filemgmt 20-1763] Vivado Synthesis ignores library specification for Verilog or SystemVerilog files. [/home/mikel/Desktop/Project 6/Project 6.1/Binary_Adder/Binary_Adder.srcs/sources_1/new/Half_Adder.v]
WARNING: [filemgmt 20-1763] Vivado Synthesis ignores library specification for Verilog or SystemVerilog files. [/home/mikel/Desktop/Project 6/Project 6.1/Binary_Adder/Binary_Adder.srcs/sources_1/new/Full_adder.v]
WARNING: [filemgmt 20-1763] Vivado Synthesis ignores library specification for Verilog or SystemVerilog files. [/home/mikel/Desktop/Project 6/Project 6.1/Binary_Adder/Binary_Adder.srcs/sources_1/new/Adder.v]
# read_xdc {{/home/mikel/Desktop/Project 6/Project 6.1/Binary_Adder/Binary_Adder.srcs/constrs_1/imports/Desktop/Nexys4_Master.xdc}}
# set_property used_in_implementation false [get_files {{/home/mikel/Desktop/Project 6/Project 6.1/Binary_Adder/Binary_Adder.srcs/constrs_1/imports/Desktop/Nexys4_Master.xdc}}]
# set_param synth.vivado.isSynthRun true
# set_property webtalk.parent_dir {/home/mikel/Desktop/Project 6/Project 6.1/Binary_Adder/Binary_Adder.cache/wt} [current_project]
# set_property parent.project_dir {/home/mikel/Desktop/Project 6/Project 6.1/Binary_Adder} [current_project]
# catch { write_hwdef -file Adder.hwdef }
INFO: [Vivado_Tcl 4-279] hardware handoff file cannot be generated as there is no block diagram instance in the design
# synth_design -top Adder -part xc7a100tcsg324-1
Command: synth_design -top Adder -part xc7a100tcsg324-1

Starting synthesis...

Attempting to get a license for feature 'Synthesis' and/or device 'xc7a100t'
INFO: [Common 17-349] Got license for feature 'Synthesis' and/or device 'xc7a100t'
---------------------------------------------------------------------------------
Starting RTL Elaboration : Time (s): cpu = 00:00:07 ; elapsed = 00:00:10 . Memory (MB): peak = 506.766 ; gain = 98.055
---------------------------------------------------------------------------------
INFO: [Synth 8-638] synthesizing module 'Adder' [/home/mikel/Desktop/Project 6/Project 6.1/Binary_Adder/Binary_Adder.srcs/sources_1/new/Adder.v:23]
INFO: [Synth 8-638] synthesizing module 'Half_adder' [/home/mikel/Desktop/Project 6/Project 6.1/Binary_Adder/Binary_Adder.srcs/sources_1/new/Half_Adder.v:23]
INFO: [Synth 8-256] done synthesizing module 'Half_adder' (1#1) [/home/mikel/Desktop/Project 6/Project 6.1/Binary_Adder/Binary_Adder.srcs/sources_1/new/Half_Adder.v:23]
INFO: [Synth 8-638] synthesizing module 'Full_adder' [/home/mikel/Desktop/Project 6/Project 6.1/Binary_Adder/Binary_Adder.srcs/sources_1/new/Full_adder.v:23]
INFO: [Synth 8-256] done synthesizing module 'Full_adder' (2#1) [/home/mikel/Desktop/Project 6/Project 6.1/Binary_Adder/Binary_Adder.srcs/sources_1/new/Full_adder.v:23]
INFO: [Synth 8-256] done synthesizing module 'Adder' (3#1) [/home/mikel/Desktop/Project 6/Project 6.1/Binary_Adder/Binary_Adder.srcs/sources_1/new/Adder.v:23]
---------------------------------------------------------------------------------
Finished RTL Elaboration : Time (s): cpu = 00:00:09 ; elapsed = 00:00:12 . Memory (MB): peak = 532.648 ; gain = 123.938
---------------------------------------------------------------------------------
---------------------------------------------------------------------------------
Start RTL Optimization
---------------------------------------------------------------------------------

Report Check Netlist: 
+------+------------------+-------+---------+-------+------------------+
|      |Item              |Errors |Warnings |Status |Description       |
+------+------------------+-------+---------+-------+------------------+
|1     |multi_driven_nets |      0|        0|Passed |Multi driven nets |
+------+------------------+-------+---------+-------+------------------+
Loading clock regions from /opt/Xilinx/Vivado/2014.2/data/parts/xilinx/artix7/artix7/xc7a100t/ClockRegion.xml
Loading clock buffers from /opt/Xilinx/Vivado/2014.2/data/parts/xilinx/artix7/artix7/xc7a100t/ClockBuffers.xml
Loading clock placement rules from /opt/Xilinx/Vivado/2014.2/data/parts/xilinx/artix7/ClockPlacerRules.xml
Loading package pin functions from /opt/Xilinx/Vivado/2014.2/data/parts/xilinx/artix7/PinFunctions.xml...
Loading package from /opt/Xilinx/Vivado/2014.2/data/parts/xilinx/artix7/artix7/xc7a100t/csg324/Package.xml
Loading io standards from /opt/Xilinx/Vivado/2014.2/data/./parts/xilinx/artix7/IOStandards.xml
Loading device configuration modes from /opt/Xilinx/Vivado/2014.2/data/parts/xilinx/artix7/ConfigModes.xml

Processing XDC Constraints
Parsing XDC File [/home/mikel/Desktop/Project 6/Project 6.1/Binary_Adder/Binary_Adder.srcs/constrs_1/imports/Desktop/Nexys4_Master.xdc]
Finished Parsing XDC File [/home/mikel/Desktop/Project 6/Project 6.1/Binary_Adder/Binary_Adder.srcs/constrs_1/imports/Desktop/Nexys4_Master.xdc]
Completed Processing XDC Constraints

INFO: [Project 1-111] Unisim Transformation Summary:
No Unisim elements were transformed.

---------------------------------------------------------------------------------
Start RTL Optimization
---------------------------------------------------------------------------------
---------------------------------------------------------------------------------
Start Loading Part and Timing Information
---------------------------------------------------------------------------------
Loading part: xc7a100tcsg324-1
---------------------------------------------------------------------------------
Finished Loading Part and Timing Information : Time (s): cpu = 00:00:23 ; elapsed = 00:00:30 . Memory (MB): peak = 650.656 ; gain = 241.945
---------------------------------------------------------------------------------
---------------------------------------------------------------------------------
Start Applying 'set_property' XDC Constraints
---------------------------------------------------------------------------------
---------------------------------------------------------------------------------
Finished applying 'set_property' XDC Constraints : Time (s): cpu = 00:00:23 ; elapsed = 00:00:31 . Memory (MB): peak = 650.656 ; gain = 241.945
---------------------------------------------------------------------------------
---------------------------------------------------------------------------------
Finished RTL Optimization : Time (s): cpu = 00:00:23 ; elapsed = 00:00:31 . Memory (MB): peak = 650.656 ; gain = 241.945
---------------------------------------------------------------------------------

Report RTL Partitions: 
+-+--------------+------------+----------+
| |RTL Partition |Replication |Instances |
+-+--------------+------------+----------+
+-+--------------+------------+----------+
---------------------------------------------------------------------------------
Start RTL Component Statistics 
---------------------------------------------------------------------------------
Detailed RTL Component Info : 
+---XORs : 
	   2 Input      1 Bit         XORs := 7     
---------------------------------------------------------------------------------
Finished RTL Component Statistics 
---------------------------------------------------------------------------------
---------------------------------------------------------------------------------
Start RTL Hierarchical Component Statistics 
---------------------------------------------------------------------------------
Hierarchical RTL Component report 
Module Adder 
Detailed RTL Component Info : 
Module Half_adder 
Detailed RTL Component Info : 
+---XORs : 
	   2 Input      1 Bit         XORs := 1     
Module Full_adder 
Detailed RTL Component Info : 
+---XORs : 
	   2 Input      1 Bit         XORs := 2     
---------------------------------------------------------------------------------
Finished RTL Hierarchical Component Statistics
---------------------------------------------------------------------------------
---------------------------------------------------------------------------------
Start Part Resource Summary
---------------------------------------------------------------------------------
Part Resources:
DSPs: 240 (col length:80)
BRAMs: 270 (col length: RAMB18 80 RAMB36 40)
---------------------------------------------------------------------------------
Finished Part Resource Summary
---------------------------------------------------------------------------------
Workers Ready, Starting Parallel Section  : Time (s): cpu = 00:00:23 ; elapsed = 00:00:31 . Memory (MB): peak = 654.660 ; gain = 245.949
---------------------------------------------------------------------------------
Start Cross Boundary Optimization
---------------------------------------------------------------------------------
---------------------------------------------------------------------------------
Finished Cross Boundary Optimization : Time (s): cpu = 00:00:23 ; elapsed = 00:00:31 . Memory (MB): peak = 654.660 ; gain = 245.949
---------------------------------------------------------------------------------
Finished Parallel Reinfer  : Time (s): cpu = 00:00:23 ; elapsed = 00:00:31 . Memory (MB): peak = 654.660 ; gain = 245.949
---------------------------------------------------------------------------------
Start RAM, DSP and Shift Register Reporting
---------------------------------------------------------------------------------
---------------------------------------------------------------------------------
Finished RAM, DSP and Shift Register Reporting
---------------------------------------------------------------------------------
---------------------------------------------------------------------------------
Start Area Optimization
---------------------------------------------------------------------------------
---------------------------------------------------------------------------------
Finished Area Optimization : Time (s): cpu = 00:00:23 ; elapsed = 00:00:32 . Memory (MB): peak = 666.691 ; gain = 257.980
---------------------------------------------------------------------------------
Finished Parallel Area Opt  : Time (s): cpu = 00:00:23 ; elapsed = 00:00:32 . Memory (MB): peak = 666.691 ; gain = 257.980
Finished Parallel Section  : Time (s): cpu = 00:00:23 ; elapsed = 00:00:32 . Memory (MB): peak = 666.691 ; gain = 257.980
---------------------------------------------------------------------------------
Start Timing Optimization
---------------------------------------------------------------------------------
---------------------------------------------------------------------------------
Start Applying XDC Timing Constraints
---------------------------------------------------------------------------------
---------------------------------------------------------------------------------
Finished Applying XDC Timing Constraints : Time (s): cpu = 00:00:46 ; elapsed = 00:01:00 . Memory (MB): peak = 702.688 ; gain = 293.977
---------------------------------------------------------------------------------
---------------------------------------------------------------------------------
Finished Timing Optimization : Time (s): cpu = 00:00:46 ; elapsed = 00:01:00 . Memory (MB): peak = 702.688 ; gain = 293.977
---------------------------------------------------------------------------------
---------------------------------------------------------------------------------
Start Technology Mapping
---------------------------------------------------------------------------------
---------------------------------------------------------------------------------
Finished Technology Mapping : Time (s): cpu = 00:00:46 ; elapsed = 00:01:01 . Memory (MB): peak = 708.699 ; gain = 299.988
---------------------------------------------------------------------------------
---------------------------------------------------------------------------------
Start IO Insertion
---------------------------------------------------------------------------------
---------------------------------------------------------------------------------
Start Flattening Before IO Insertion
---------------------------------------------------------------------------------
---------------------------------------------------------------------------------
Finished Flattening Before IO Insertion
---------------------------------------------------------------------------------
---------------------------------------------------------------------------------
Start Final Netlist Cleanup
---------------------------------------------------------------------------------
---------------------------------------------------------------------------------
Finished Final Netlist Cleanup
---------------------------------------------------------------------------------
---------------------------------------------------------------------------------
Finished IO Insertion : Time (s): cpu = 00:00:47 ; elapsed = 00:01:01 . Memory (MB): peak = 708.703 ; gain = 299.992
---------------------------------------------------------------------------------

Report Check Netlist: 
+------+------------------+-------+---------+-------+------------------+
|      |Item              |Errors |Warnings |Status |Description       |
+------+------------------+-------+---------+-------+------------------+
|1     |multi_driven_nets |      0|        0|Passed |Multi driven nets |
+------+------------------+-------+---------+-------+------------------+
---------------------------------------------------------------------------------
Start Renaming Generated Instances
---------------------------------------------------------------------------------
---------------------------------------------------------------------------------
Finished Renaming Generated Instances : Time (s): cpu = 00:00:47 ; elapsed = 00:01:01 . Memory (MB): peak = 708.703 ; gain = 299.992
---------------------------------------------------------------------------------
---------------------------------------------------------------------------------
Start Rebuilding User Hierarchy
---------------------------------------------------------------------------------
---------------------------------------------------------------------------------
Finished Rebuilding User Hierarchy : Time (s): cpu = 00:00:47 ; elapsed = 00:01:01 . Memory (MB): peak = 708.703 ; gain = 299.992
---------------------------------------------------------------------------------
---------------------------------------------------------------------------------
Start RAM, DSP and Shift Register Reporting
---------------------------------------------------------------------------------
---------------------------------------------------------------------------------
Finished RAM, DSP and Shift Register Reporting
---------------------------------------------------------------------------------
---------------------------------------------------------------------------------
Start Writing Synthesis Report
---------------------------------------------------------------------------------

Report BlackBoxes: 
+-+--------------+----------+
| |BlackBox name |Instances |
+-+--------------+----------+
+-+--------------+----------+

Report Cell Usage: 
+------+-----+------+
|      |Cell |Count |
+------+-----+------+
|1     |LUT2 |     1|
|2     |LUT4 |     2|
|3     |LUT5 |     2|
|4     |LUT6 |     1|
|5     |IBUF |     8|
|6     |OBUF |     5|
+------+-----+------+

Report Instance Areas: 
+------+---------+-------+------+
|      |Instance |Module |Cells |
+------+---------+-------+------+
|1     |top      |       |    19|
+------+---------+-------+------+
---------------------------------------------------------------------------------
Finished Writing Synthesis Report : Time (s): cpu = 00:00:47 ; elapsed = 00:01:01 . Memory (MB): peak = 708.703 ; gain = 299.992
---------------------------------------------------------------------------------
Synthesis finished with 0 errors, 0 critical warnings and 0 warnings.
Synthesis Optimization Complete : Time (s): cpu = 00:00:47 ; elapsed = 00:01:01 . Memory (MB): peak = 708.703 ; gain = 299.992
INFO: [Netlist 29-17] Analyzing 8 Unisim elements for replacement
INFO: [Netlist 29-28] Unisim Transformation completed in 0 CPU seconds
INFO: [Opt 31-140] Inserted 0 IBUFs to IO ports without IO buffers.
INFO: [Opt 31-141] Inserted 0 OBUFs to IO ports without IO buffers.
INFO: [Opt 31-138] Pushed 0 inverter(s) to 0 load pin(s).
INFO: [Project 1-111] Unisim Transformation Summary:
No Unisim elements were transformed.

INFO: [Common 17-83] Releasing license: Synthesis
15 Infos, 0 Warnings, 0 Critical Warnings and 0 Errors encountered.
synth_design completed successfully
synth_design: Time (s): cpu = 00:00:46 ; elapsed = 00:01:00 . Memory (MB): peak = 708.703 ; gain = 232.934
# write_checkpoint Adder.dcp
# report_utilization -file Adder_utilization_synth.rpt -pb Adder_utilization_synth.pb
report_utilization: Time (s): cpu = 00:00:00.15 ; elapsed = 00:00:00.23 . Memory (MB): peak = 708.703 ; gain = 0.000
INFO: [Common 17-206] Exiting Vivado at Thu Nov 13 15:36:36 2014...
