C:\USERS\MISHKUH\DOCUMENTS\VISUAL STUDIO 2012\PROJECTS\WIENS_PA03\WIENS_PA03\DEBUG\MYFUNCTIONS.OBJ
C:\USERS\MISHKUH\DOCUMENTS\VISUAL STUDIO 2012\PROJECTS\WIENS_PA03\WIENS_PA03\DEBUG\MYSOURCE.OBJ
C:\USERS\MISHKUH\DOCUMENTS\VISUAL STUDIO 2012\PROJECTS\WIENS_PA03\WIENS_PA03\DEBUG\VC110.PDB
C:\USERS\MISHKUH\DOCUMENTS\VISUAL STUDIO 2012\PROJECTS\WIENS_PA03\DEBUG\WIENS_PA03.ILK
C:\USERS\MISHKUH\DOCUMENTS\VISUAL STUDIO 2012\PROJECTS\WIENS_PA03\DEBUG\WIENS_PA03.EXE
C:\USERS\MISHKUH\DOCUMENTS\VISUAL STUDIO 2012\PROJECTS\WIENS_PA03\DEBUG\WIENS_PA03.PDB
C:\Users\Mishkuh\documents\visual studio 2012\Projects\WIENS_PA03\WIENS_PA03\Debug\MyFunctions.obj
C:\Users\Mishkuh\documents\visual studio 2012\Projects\WIENS_PA03\WIENS_PA03\Debug\MySource.obj
C:\Users\Mishkuh\documents\visual studio 2012\Projects\WIENS_PA03\WIENS_PA03\Debug\cl.command.1.tlog
C:\Users\Mishkuh\documents\visual studio 2012\Projects\WIENS_PA03\WIENS_PA03\Debug\CL.read.1.tlog
C:\Users\Mishkuh\documents\visual studio 2012\Projects\WIENS_PA03\WIENS_PA03\Debug\CL.write.1.tlog
C:\Users\Mishkuh\documents\visual studio 2012\Projects\WIENS_PA03\WIENS_PA03\Debug\link-cvtres.read.1.tlog
C:\Users\Mishkuh\documents\visual studio 2012\Projects\WIENS_PA03\WIENS_PA03\Debug\link-cvtres.write.1.tlog
C:\Users\Mishkuh\documents\visual studio 2012\Projects\WIENS_PA03\WIENS_PA03\Debug\link-rc.read.1.tlog
C:\Users\Mishkuh\documents\visual studio 2012\Projects\WIENS_PA03\WIENS_PA03\Debug\link-rc.write.1.tlog
C:\Users\Mishkuh\documents\visual studio 2012\Projects\WIENS_PA03\WIENS_PA03\Debug\link.command.1.tlog
C:\Users\Mishkuh\documents\visual studio 2012\Projects\WIENS_PA03\WIENS_PA03\Debug\link.read.1.tlog
C:\Users\Mishkuh\documents\visual studio 2012\Projects\WIENS_PA03\WIENS_PA03\Debug\link.write.1.tlog
C:\Users\Mishkuh\documents\visual studio 2012\Projects\WIENS_PA03\WIENS_PA03\Debug\vc110.idb
C:\Users\Mishkuh\documents\visual studio 2012\Projects\WIENS_PA03\WIENS_PA03\Debug\vc110.pdb
C:\Users\Mishkuh\documents\visual studio 2012\Projects\WIENS_PA03\Debug\WIENS_PA03.pdb
C:\Users\Mishkuh\documents\visual studio 2012\Projects\WIENS_PA03\Debug\WIENS_PA03.exe
C:\Users\Mishkuh\documents\visual studio 2012\Projects\WIENS_PA03\Debug\WIENS_PA03.ilk
